<?xml version="1.0" encoding="UTF-8"?>
<!-- Generated by org.testng.reporters.JUnitReportReporter -->
<testsuite hostname="Cognam-PC-39" name="com.UnitellerAutomation.Tests.Uniteller_UserLogin" tests="1" failures="0" timestamp="9 May 2016 10:43:47 GMT" time="14.407" errors="0">
  <testcase name="Step_01_LaunchApplication" time="14.407" classname="com.UnitellerAutomation.Tests.Uniteller_UserLogin"/>
</testsuite> <!-- com.UnitellerAutomation.Tests.Uniteller_UserLogin -->
