<?xml version="1.0" encoding="UTF-8"?>
<!-- Generated by org.testng.reporters.JUnitReportReporter -->
<testsuite hostname="Cognam-PC-39" name="UnitellerAutomationDemo.unitellerAutomationDemo.AppTest" tests="1" failures="0" timestamp="6 May 2016 06:17:38 GMT" time="0.009" errors="0">
  <testcase name="testApp" time="0.009" classname="UnitellerAutomationDemo.unitellerAutomationDemo.AppTest"/>
</testsuite> <!-- UnitellerAutomationDemo.unitellerAutomationDemo.AppTest -->
